Scanning dependencies of target ELF2UF2Build
[  1%] Creating directories for 'ELF2UF2Build'
[  2%] No download step for 'ELF2UF2Build'
[  3%] No patch step for 'ELF2UF2Build'
[  5%] No update step for 'ELF2UF2Build'
[  6%] Performing configure step for 'ELF2UF2Build'
-- The C compiler identification is GNU 8.3.0
-- The CXX compiler identification is GNU 8.3.0
-- Check for working C compiler: /usr/bin/cc
-- Check for working C compiler: /usr/bin/cc -- works
-- Detecting C compiler ABI info
-- Detecting C compiler ABI info - done
-- Detecting C compile features
-- Detecting C compile features - done
-- Check for working CXX compiler: /usr/bin/c++
-- Check for working CXX compiler: /usr/bin/c++ -- works
-- Detecting CXX compiler ABI info
-- Detecting CXX compiler ABI info - done
-- Detecting CXX compile features
-- Detecting CXX compile features - done
-- Configuring done
-- Generating done
-- Build files have been written to: /some/path/to/cortex-forth-rp2040-aU/29-cortex-forth-a.d/pico-examples/build/elf2uf2
[  7%] Performing build step for 'ELF2UF2Build'
Scanning dependencies of target elf2uf2
[ 50%] Building CXX object CMakeFiles/elf2uf2.dir/main.cpp.o
[100%] Linking CXX executable elf2uf2
[100%] Built target elf2uf2
[  9%] No install step for 'ELF2UF2Build'
[ 10%] Completed 'ELF2UF2Build'
[ 10%] Built target ELF2UF2Build
Scanning dependencies of target bs2_default
[ 11%] Building ASM object pico-sdk/src/rp2_common/boot_stage2/CMakeFiles/bs2_default.dir/boot2_w25q080.S.obj
[ 12%] Linking ASM executable bs2_default.elf
[ 12%] Built target bs2_default
Scanning dependencies of target bs2_default_padded_checksummed_asm
[ 14%] Generating bs2_default.bin
[ 15%] Generating bs2_default_padded_checksummed.S
[ 15%] Built target bs2_default_padded_checksummed_asm
Scanning dependencies of target cortex-forth-a
[ 16%] Building C object cortex-forth-a/CMakeFiles/cortex-forth-a.dir/cortex-forth-a.c.obj
[ 18%] Building C object cortex-forth-a/CMakeFiles/cortex-forth-a.dir/some/path/to/cortex-forth-rp2040-aU/29-cortex-forth-a.d/pico-sdk/src/rp2_common/pico_stdlib/stdlib.c.obj
[ 19%] Building C object cortex-forth-a/CMakeFiles/cortex-forth-a.dir/some/path/to/cortex-forth-rp2040-aU/29-cortex-forth-a.d/pico-sdk/src/rp2_common/hardware_gpio/gpio.c.obj
[ 20%] Building C object cortex-forth-a/CMakeFiles/cortex-forth-a.dir/some/path/to/cortex-forth-rp2040-aU/29-cortex-forth-a.d/pico-sdk/src/rp2_common/hardware_claim/claim.c.obj
[ 22%] Building C object cortex-forth-a/CMakeFiles/cortex-forth-a.dir/some/path/to/cortex-forth-rp2040-aU/29-cortex-forth-a.d/pico-sdk/src/rp2_common/hardware_sync/sync.c.obj
[ 23%] Building C object cortex-forth-a/CMakeFiles/cortex-forth-a.dir/some/path/to/cortex-forth-rp2040-aU/29-cortex-forth-a.d/pico-sdk/src/rp2_common/pico_platform/platform.c.obj
[ 24%] Building C object cortex-forth-a/CMakeFiles/cortex-forth-a.dir/some/path/to/cortex-forth-rp2040-aU/29-cortex-forth-a.d/pico-sdk/src/rp2_common/hardware_uart/uart.c.obj
[ 25%] Building ASM object cortex-forth-a/CMakeFiles/cortex-forth-a.dir/some/path/to/cortex-forth-rp2040-aU/29-cortex-forth-a.d/pico-sdk/src/rp2_common/hardware_divider/divider.S.obj
[ 27%] Building C object cortex-forth-a/CMakeFiles/cortex-forth-a.dir/some/path/to/cortex-forth-rp2040-aU/29-cortex-forth-a.d/pico-sdk/src/common/pico_time/time.c.obj
[ 28%] Building C object cortex-forth-a/CMakeFiles/cortex-forth-a.dir/some/path/to/cortex-forth-rp2040-aU/29-cortex-forth-a.d/pico-sdk/src/common/pico_time/timeout_helper.c.obj
[ 29%] Building C object cortex-forth-a/CMakeFiles/cortex-forth-a.dir/some/path/to/cortex-forth-rp2040-aU/29-cortex-forth-a.d/pico-sdk/src/rp2_common/hardware_timer/timer.c.obj
[ 31%] Building C object cortex-forth-a/CMakeFiles/cortex-forth-a.dir/some/path/to/cortex-forth-rp2040-aU/29-cortex-forth-a.d/pico-sdk/src/common/pico_sync/sem.c.obj
[ 32%] Building C object cortex-forth-a/CMakeFiles/cortex-forth-a.dir/some/path/to/cortex-forth-rp2040-aU/29-cortex-forth-a.d/pico-sdk/src/common/pico_sync/lock_core.c.obj
[ 33%] Building C object cortex-forth-a/CMakeFiles/cortex-forth-a.dir/some/path/to/cortex-forth-rp2040-aU/29-cortex-forth-a.d/pico-sdk/src/common/pico_sync/mutex.c.obj
[ 35%] Building C object cortex-forth-a/CMakeFiles/cortex-forth-a.dir/some/path/to/cortex-forth-rp2040-aU/29-cortex-forth-a.d/pico-sdk/src/common/pico_sync/critical_section.c.obj
[ 36%] Building C object cortex-forth-a/CMakeFiles/cortex-forth-a.dir/some/path/to/cortex-forth-rp2040-aU/29-cortex-forth-a.d/pico-sdk/src/common/pico_util/datetime.c.obj
[ 37%] Building C object cortex-forth-a/CMakeFiles/cortex-forth-a.dir/some/path/to/cortex-forth-rp2040-aU/29-cortex-forth-a.d/pico-sdk/src/common/pico_util/pheap.c.obj
[ 38%] Building C object cortex-forth-a/CMakeFiles/cortex-forth-a.dir/some/path/to/cortex-forth-rp2040-aU/29-cortex-forth-a.d/pico-sdk/src/common/pico_util/queue.c.obj
[ 40%] Building C object cortex-forth-a/CMakeFiles/cortex-forth-a.dir/some/path/to/cortex-forth-rp2040-aU/29-cortex-forth-a.d/pico-sdk/src/rp2_common/pico_runtime/runtime.c.obj
[ 41%] Building C object cortex-forth-a/CMakeFiles/cortex-forth-a.dir/some/path/to/cortex-forth-rp2040-aU/29-cortex-forth-a.d/pico-sdk/src/rp2_common/hardware_clocks/clocks.c.obj
[ 42%] Building C object cortex-forth-a/CMakeFiles/cortex-forth-a.dir/some/path/to/cortex-forth-rp2040-aU/29-cortex-forth-a.d/pico-sdk/src/rp2_common/hardware_watchdog/watchdog.c.obj
[ 44%] Building C object cortex-forth-a/CMakeFiles/cortex-forth-a.dir/some/path/to/cortex-forth-rp2040-aU/29-cortex-forth-a.d/pico-sdk/src/rp2_common/hardware_xosc/xosc.c.obj
[ 45%] Building C object cortex-forth-a/CMakeFiles/cortex-forth-a.dir/some/path/to/cortex-forth-rp2040-aU/29-cortex-forth-a.d/pico-sdk/src/rp2_common/hardware_pll/pll.c.obj
[ 46%] Building C object cortex-forth-a/CMakeFiles/cortex-forth-a.dir/some/path/to/cortex-forth-rp2040-aU/29-cortex-forth-a.d/pico-sdk/src/rp2_common/hardware_vreg/vreg.c.obj
[ 48%] Building C object cortex-forth-a/CMakeFiles/cortex-forth-a.dir/some/path/to/cortex-forth-rp2040-aU/29-cortex-forth-a.d/pico-sdk/src/rp2_common/hardware_irq/irq.c.obj
[ 49%] Building ASM object cortex-forth-a/CMakeFiles/cortex-forth-a.dir/some/path/to/cortex-forth-rp2040-aU/29-cortex-forth-a.d/pico-sdk/src/rp2_common/hardware_irq/irq_handler_chain.S.obj
[ 50%] Building C object cortex-forth-a/CMakeFiles/cortex-forth-a.dir/some/path/to/cortex-forth-rp2040-aU/29-cortex-forth-a.d/pico-sdk/src/rp2_common/pico_printf/printf.c.obj
[ 51%] Building ASM object cortex-forth-a/CMakeFiles/cortex-forth-a.dir/some/path/to/cortex-forth-rp2040-aU/29-cortex-forth-a.d/pico-sdk/src/rp2_common/pico_bit_ops/bit_ops_aeabi.S.obj
[ 53%] Building C object cortex-forth-a/CMakeFiles/cortex-forth-a.dir/some/path/to/cortex-forth-rp2040-aU/29-cortex-forth-a.d/pico-sdk/src/rp2_common/pico_bootrom/bootrom.c.obj
[ 54%] Building ASM object cortex-forth-a/CMakeFiles/cortex-forth-a.dir/some/path/to/cortex-forth-rp2040-aU/29-cortex-forth-a.d/pico-sdk/src/rp2_common/pico_divider/divider.S.obj
[ 55%] Building ASM object cortex-forth-a/CMakeFiles/cortex-forth-a.dir/some/path/to/cortex-forth-rp2040-aU/29-cortex-forth-a.d/pico-sdk/src/rp2_common/pico_double/double_aeabi.S.obj
[ 57%] Building C object cortex-forth-a/CMakeFiles/cortex-forth-a.dir/some/path/to/cortex-forth-rp2040-aU/29-cortex-forth-a.d/pico-sdk/src/rp2_common/pico_double/double_init_rom.c.obj
[ 58%] Building C object cortex-forth-a/CMakeFiles/cortex-forth-a.dir/some/path/to/cortex-forth-rp2040-aU/29-cortex-forth-a.d/pico-sdk/src/rp2_common/pico_double/double_math.c.obj
[ 59%] Building ASM object cortex-forth-a/CMakeFiles/cortex-forth-a.dir/some/path/to/cortex-forth-rp2040-aU/29-cortex-forth-a.d/pico-sdk/src/rp2_common/pico_double/double_v1_rom_shim.S.obj
[ 61%] Building ASM object cortex-forth-a/CMakeFiles/cortex-forth-a.dir/some/path/to/cortex-forth-rp2040-aU/29-cortex-forth-a.d/pico-sdk/src/rp2_common/pico_int64_ops/pico_int64_ops_aeabi.S.obj
[ 62%] Building ASM object cortex-forth-a/CMakeFiles/cortex-forth-a.dir/some/path/to/cortex-forth-rp2040-aU/29-cortex-forth-a.d/pico-sdk/src/rp2_common/pico_float/float_aeabi.S.obj
[ 63%] Building C object cortex-forth-a/CMakeFiles/cortex-forth-a.dir/some/path/to/cortex-forth-rp2040-aU/29-cortex-forth-a.d/pico-sdk/src/rp2_common/pico_float/float_init_rom.c.obj
[ 64%] Building C object cortex-forth-a/CMakeFiles/cortex-forth-a.dir/some/path/to/cortex-forth-rp2040-aU/29-cortex-forth-a.d/pico-sdk/src/rp2_common/pico_float/float_math.c.obj
[ 66%] Building ASM object cortex-forth-a/CMakeFiles/cortex-forth-a.dir/some/path/to/cortex-forth-rp2040-aU/29-cortex-forth-a.d/pico-sdk/src/rp2_common/pico_float/float_v1_rom_shim.S.obj
[ 67%] Building C object cortex-forth-a/CMakeFiles/cortex-forth-a.dir/some/path/to/cortex-forth-rp2040-aU/29-cortex-forth-a.d/pico-sdk/src/rp2_common/pico_malloc/pico_malloc.c.obj
[ 68%] Building ASM object cortex-forth-a/CMakeFiles/cortex-forth-a.dir/some/path/to/cortex-forth-rp2040-aU/29-cortex-forth-a.d/pico-sdk/src/rp2_common/pico_mem_ops/mem_ops_aeabi.S.obj
[ 70%] Building ASM object cortex-forth-a/CMakeFiles/cortex-forth-a.dir/some/path/to/cortex-forth-rp2040-aU/29-cortex-forth-a.d/pico-sdk/src/rp2_common/pico_standard_link/crt0.S.obj
[ 71%] Building CXX object cortex-forth-a/CMakeFiles/cortex-forth-a.dir/some/path/to/cortex-forth-rp2040-aU/29-cortex-forth-a.d/pico-sdk/src/rp2_common/pico_standard_link/new_delete.cpp.obj
/some/path/to/cortex-forth-rp2040-aU/29-cortex-forth-a.d/pico-sdk/src/rp2_common/pico_standard_link/new_delete.cpp: In function 'void operator delete(void*, std::size_t)':
/some/path/to/cortex-forth-rp2040-aU/29-cortex-forth-a.d/pico-sdk/src/rp2_common/pico_standard_link/new_delete.cpp:20:43: warning: unused parameter 'n' [-Wunused-parameter]
 void operator delete(void *p, std::size_t n) noexcept { std::free(p); }
                                           ^
/some/path/to/cortex-forth-rp2040-aU/29-cortex-forth-a.d/pico-sdk/src/rp2_common/pico_standard_link/new_delete.cpp: At global scope:
/some/path/to/cortex-forth-rp2040-aU/29-cortex-forth-a.d/pico-sdk/src/rp2_common/pico_standard_link/new_delete.cpp:24:6: warning: the program should also define 'void operator delete [](void*, unsigned int)' [-Wsized-deallocation]
 void operator delete[](void *p) noexcept { std::free(p); }
      ^~~~~~~~
[ 72%] Building C object cortex-forth-a/CMakeFiles/cortex-forth-a.dir/some/path/to/cortex-forth-rp2040-aU/29-cortex-forth-a.d/pico-sdk/src/rp2_common/pico_standard_link/binary_info.c.obj
[ 74%] Building C object cortex-forth-a/CMakeFiles/cortex-forth-a.dir/some/path/to/cortex-forth-rp2040-aU/29-cortex-forth-a.d/pico-sdk/src/rp2_common/pico_stdio/stdio.c.obj
[ 75%] Building C object cortex-forth-a/CMakeFiles/cortex-forth-a.dir/some/path/to/cortex-forth-rp2040-aU/29-cortex-forth-a.d/pico-sdk/src/rp2_common/pico_stdio_uart/stdio_uart.c.obj
[ 76%] Building C object cortex-forth-a/CMakeFiles/cortex-forth-a.dir/some/path/to/cortex-forth-rp2040-aU/29-cortex-forth-a.d/pico-sdk/src/rp2_common/pico_stdio_usb/stdio_usb.c.obj
[ 77%] Building C object cortex-forth-a/CMakeFiles/cortex-forth-a.dir/some/path/to/cortex-forth-rp2040-aU/29-cortex-forth-a.d/pico-sdk/src/rp2_common/pico_stdio_usb/stdio_usb_descriptors.c.obj
[ 79%] Building C object cortex-forth-a/CMakeFiles/cortex-forth-a.dir/some/path/to/cortex-forth-rp2040-aU/29-cortex-forth-a.d/pico-sdk/lib/tinyusb/src/portable/raspberrypi/rp2040/dcd_rp2040.c.obj
[ 80%] Building C object cortex-forth-a/CMakeFiles/cortex-forth-a.dir/some/path/to/cortex-forth-rp2040-aU/29-cortex-forth-a.d/pico-sdk/lib/tinyusb/src/portable/raspberrypi/rp2040/rp2040_usb.c.obj
[ 81%] Building C object cortex-forth-a/CMakeFiles/cortex-forth-a.dir/some/path/to/cortex-forth-rp2040-aU/29-cortex-forth-a.d/pico-sdk/lib/tinyusb/src/device/usbd.c.obj
[ 83%] Building C object cortex-forth-a/CMakeFiles/cortex-forth-a.dir/some/path/to/cortex-forth-rp2040-aU/29-cortex-forth-a.d/pico-sdk/lib/tinyusb/src/device/usbd_control.c.obj
[ 84%] Building C object cortex-forth-a/CMakeFiles/cortex-forth-a.dir/some/path/to/cortex-forth-rp2040-aU/29-cortex-forth-a.d/pico-sdk/lib/tinyusb/src/class/audio/audio_device.c.obj
[ 85%] Building C object cortex-forth-a/CMakeFiles/cortex-forth-a.dir/some/path/to/cortex-forth-rp2040-aU/29-cortex-forth-a.d/pico-sdk/lib/tinyusb/src/class/cdc/cdc_device.c.obj
[ 87%] Building C object cortex-forth-a/CMakeFiles/cortex-forth-a.dir/some/path/to/cortex-forth-rp2040-aU/29-cortex-forth-a.d/pico-sdk/lib/tinyusb/src/class/dfu/dfu_rt_device.c.obj
[ 88%] Building C object cortex-forth-a/CMakeFiles/cortex-forth-a.dir/some/path/to/cortex-forth-rp2040-aU/29-cortex-forth-a.d/pico-sdk/lib/tinyusb/src/class/hid/hid_device.c.obj
[ 89%] Building C object cortex-forth-a/CMakeFiles/cortex-forth-a.dir/some/path/to/cortex-forth-rp2040-aU/29-cortex-forth-a.d/pico-sdk/lib/tinyusb/src/class/midi/midi_device.c.obj
[ 90%] Building C object cortex-forth-a/CMakeFiles/cortex-forth-a.dir/some/path/to/cortex-forth-rp2040-aU/29-cortex-forth-a.d/pico-sdk/lib/tinyusb/src/class/msc/msc_device.c.obj
[ 92%] Building C object cortex-forth-a/CMakeFiles/cortex-forth-a.dir/some/path/to/cortex-forth-rp2040-aU/29-cortex-forth-a.d/pico-sdk/lib/tinyusb/src/class/net/net_device.c.obj
[ 93%] Building C object cortex-forth-a/CMakeFiles/cortex-forth-a.dir/some/path/to/cortex-forth-rp2040-aU/29-cortex-forth-a.d/pico-sdk/lib/tinyusb/src/class/usbtmc/usbtmc_device.c.obj
[ 94%] Building C object cortex-forth-a/CMakeFiles/cortex-forth-a.dir/some/path/to/cortex-forth-rp2040-aU/29-cortex-forth-a.d/pico-sdk/lib/tinyusb/src/class/vendor/vendor_device.c.obj
[ 96%] Building C object cortex-forth-a/CMakeFiles/cortex-forth-a.dir/some/path/to/cortex-forth-rp2040-aU/29-cortex-forth-a.d/pico-sdk/lib/tinyusb/src/tusb.c.obj
[ 97%] Building C object cortex-forth-a/CMakeFiles/cortex-forth-a.dir/some/path/to/cortex-forth-rp2040-aU/29-cortex-forth-a.d/pico-sdk/lib/tinyusb/src/common/tusb_fifo.c.obj
[ 98%] Building C object cortex-forth-a/CMakeFiles/cortex-forth-a.dir/some/path/to/cortex-forth-rp2040-aU/29-cortex-forth-a.d/pico-sdk/src/rp2_common/pico_fix/rp2040_usb_device_enumeration/rp2040_usb_device_enumeration.c.obj
[100%] Linking CXX executable cortex-forth-a.elf
[100%] Built target cortex-forth-a
